<?xml version="1.0" encoding="UTF-8"?>
<!-- Generated by org.testng.reporters.JUnitXMLReporter -->
<testsuite hostname="siva-PC" ignored="0" name="Test" tests="4" failures="0" timestamp="01 Nov 2017 13:48:53 GMT" time="0.068" errors="0">
  <testcase name="test1" time="0.002" classname="testNGPkg.TestNGClass"/>
  <testcase name="test2" time="0.0" classname="testNGPkg.TestNGClass"/>
  <testcase name="test3" time="0.001" classname="testNGPkg.TestNGClass"/>
  <testcase name="test4" time="0.0" classname="testNGPkg.TestNGClass"/>
</testsuite> <!-- Test -->
