<?xml version="1.0" encoding="UTF-8"?>
<testng-results skipped="0" failed="0" ignored="0" total="3" passed="3">
  <reporter-output>
  </reporter-output>
  <suite name="Suite" duration-ms="73" started-at="2017-11-02T02:13:19Z" finished-at="2017-11-02T02:13:19Z">
    <groups>
      <group name="Regression">
        <method signature="TestNGClass.test4()[pri:4, instance:testNGPkg.TestNGClass@9f73a2]" name="test4" class="testNGPkg.TestNGClass"/>
      </group> <!-- Regression -->
      <group name="sanity">
        <method signature="TestNGClass.test3()[pri:3, instance:testNGPkg.TestNGClass@9f73a2]" name="test3" class="testNGPkg.TestNGClass"/>
      </group> <!-- sanity -->
    </groups>
    <test name="Test" duration-ms="73" started-at="2017-11-02T02:13:19Z" finished-at="2017-11-02T02:13:19Z">
      <class name="testNGPkg.TestNGClass">
        <test-method status="PASS" signature="beforesuite()[pri:0, instance:testNGPkg.TestNGClass@9f73a2]" name="beforesuite" is-config="true" duration-ms="36" started-at="2017-11-02T07:43:19Z" finished-at="2017-11-02T07:43:19Z">
          <reporter-output>
          </reporter-output>
        </test-method> <!-- beforesuite -->
        <test-method status="PASS" signature="beforetest()[pri:0, instance:testNGPkg.TestNGClass@9f73a2]" name="beforetest" is-config="true" duration-ms="0" started-at="2017-11-02T07:43:19Z" finished-at="2017-11-02T07:43:19Z">
          <reporter-output>
          </reporter-output>
        </test-method> <!-- beforetest -->
        <test-method status="PASS" signature="beforeclass()[pri:0, instance:testNGPkg.TestNGClass@9f73a2]" name="beforeclass" is-config="true" duration-ms="1" started-at="2017-11-02T07:43:19Z" finished-at="2017-11-02T07:43:19Z">
          <reporter-output>
          </reporter-output>
        </test-method> <!-- beforeclass -->
        <test-method status="PASS" signature="beforemethod()[pri:0, instance:testNGPkg.TestNGClass@9f73a2]" name="beforemethod" is-config="true" duration-ms="1" started-at="2017-11-02T07:43:19Z" finished-at="2017-11-02T07:43:19Z">
          <reporter-output>
          </reporter-output>
        </test-method> <!-- beforemethod -->
        <test-method status="PASS" signature="test1()[pri:1, instance:testNGPkg.TestNGClass@9f73a2]" name="test1" duration-ms="2" started-at="2017-11-02T07:43:19Z" finished-at="2017-11-02T07:43:19Z">
          <reporter-output>
          </reporter-output>
        </test-method> <!-- test1 -->
        <test-method status="PASS" signature="aftermethod()[pri:0, instance:testNGPkg.TestNGClass@9f73a2]" name="aftermethod" is-config="true" duration-ms="1" started-at="2017-11-02T07:43:19Z" finished-at="2017-11-02T07:43:19Z">
          <reporter-output>
          </reporter-output>
        </test-method> <!-- aftermethod -->
        <test-method status="PASS" signature="beforeGroups()[pri:0, instance:testNGPkg.TestNGClass@9f73a2]" name="beforeGroups" is-config="true" duration-ms="1" started-at="2017-11-02T07:43:19Z" finished-at="2017-11-02T07:43:19Z">
          <reporter-output>
          </reporter-output>
        </test-method> <!-- beforeGroups -->
        <test-method status="PASS" signature="beforemethod()[pri:0, instance:testNGPkg.TestNGClass@9f73a2]" name="beforemethod" is-config="true" duration-ms="1" started-at="2017-11-02T07:43:19Z" finished-at="2017-11-02T07:43:19Z">
          <reporter-output>
          </reporter-output>
        </test-method> <!-- beforemethod -->
        <test-method status="PASS" signature="test3()[pri:3, instance:testNGPkg.TestNGClass@9f73a2]" name="test3" duration-ms="0" started-at="2017-11-02T07:43:19Z" finished-at="2017-11-02T07:43:19Z">
          <reporter-output>
          </reporter-output>
        </test-method> <!-- test3 -->
        <test-method status="PASS" signature="aftermethod()[pri:0, instance:testNGPkg.TestNGClass@9f73a2]" name="aftermethod" is-config="true" duration-ms="0" started-at="2017-11-02T07:43:19Z" finished-at="2017-11-02T07:43:19Z">
          <reporter-output>
          </reporter-output>
        </test-method> <!-- aftermethod -->
        <test-method status="PASS" signature="afterGroups()[pri:0, instance:testNGPkg.TestNGClass@9f73a2]" name="afterGroups" is-config="true" duration-ms="0" started-at="2017-11-02T07:43:19Z" finished-at="2017-11-02T07:43:19Z">
          <reporter-output>
          </reporter-output>
        </test-method> <!-- afterGroups -->
        <test-method status="PASS" signature="beforemethod()[pri:0, instance:testNGPkg.TestNGClass@9f73a2]" name="beforemethod" is-config="true" duration-ms="0" started-at="2017-11-02T07:43:19Z" finished-at="2017-11-02T07:43:19Z">
          <reporter-output>
          </reporter-output>
        </test-method> <!-- beforemethod -->
        <test-method status="PASS" signature="test4()[pri:4, instance:testNGPkg.TestNGClass@9f73a2]" name="test4" duration-ms="0" started-at="2017-11-02T07:43:19Z" depends-on-methods="testNGPkg.TestNGClass.test3" finished-at="2017-11-02T07:43:19Z">
          <reporter-output>
          </reporter-output>
        </test-method> <!-- test4 -->
        <test-method status="PASS" signature="afterclass()[pri:0, instance:testNGPkg.TestNGClass@9f73a2]" name="afterclass" is-config="true" duration-ms="1" started-at="2017-11-02T07:43:19Z" finished-at="2017-11-02T07:43:19Z">
          <reporter-output>
          </reporter-output>
        </test-method> <!-- afterclass -->
        <test-method status="PASS" signature="aftermethod()[pri:0, instance:testNGPkg.TestNGClass@9f73a2]" name="aftermethod" is-config="true" duration-ms="0" started-at="2017-11-02T07:43:19Z" finished-at="2017-11-02T07:43:19Z">
          <reporter-output>
          </reporter-output>
        </test-method> <!-- aftermethod -->
        <test-method status="PASS" signature="aftertest()[pri:0, instance:testNGPkg.TestNGClass@9f73a2]" name="aftertest" is-config="true" duration-ms="1" started-at="2017-11-02T07:43:19Z" finished-at="2017-11-02T07:43:19Z">
          <reporter-output>
          </reporter-output>
        </test-method> <!-- aftertest -->
        <test-method status="PASS" signature="aftersuite()[pri:0, instance:testNGPkg.TestNGClass@9f73a2]" name="aftersuite" is-config="true" duration-ms="1" started-at="2017-11-02T07:43:19Z" finished-at="2017-11-02T07:43:19Z">
          <reporter-output>
          </reporter-output>
        </test-method> <!-- aftersuite -->
      </class> <!-- testNGPkg.TestNGClass -->
    </test> <!-- Test -->
  </suite> <!-- Suite -->
</testng-results>
