<?xml version="1.0" encoding="UTF-8"?>
<testsuite xmlns:xsi="http://www.w3.org/2001/XMLSchema-instance" xsi:noNamespaceSchemaLocation="https://maven.apache.org/surefire/maven-surefire-plugin/xsd/surefire-test-report.xsd" name="TestSuite" time="2.035" tests="3" errors="0" skipped="0" failures="0">
  <properties>
[...]
</properties>
  <testcase name="test1" classname="testNGPkg.TestNGClass" time="0.002"/>
  <testcase name="test3" classname="testNGPkg.TestNGClass" time="0"/>
  <testcase name="test4" classname="testNGPkg.TestNGClass" time="0"/>
</testsuite>