<?xml version="1.0" encoding="UTF-8"?>
<!-- Generated by org.testng.reporters.JUnitXMLReporter -->
<testsuite hostname="siva-PC" ignored="0" name="Test" tests="3" failures="1" timestamp="02 Nov 2017 17:32:03 GMT" time="0.086" errors="0">
  <testcase name="test1" time="0.008" classname="testNGPkg.TestNGClass">
    <failure type="java.lang.AssertionError" message="expected [true] but found [false]">
      <![CDATA[java.lang.AssertionError: expected [true] but found [false]
	at testNGPkg.TestNGClass.test1(TestNGClass.java:59)
	at java.util.concurrent.FutureTask.run(FutureTask.java:266)
	at java.util.concurrent.ThreadPoolExecutor.runWorker(ThreadPoolExecutor.java:1142)
	at java.util.concurrent.ThreadPoolExecutor$Worker.run(ThreadPoolExecutor.java:617)
	at java.lang.Thread.run(Thread.java:745)
... Removed 22 stack frames]]>
    </failure>
  </testcase> <!-- test1 -->
  <testcase name="test3" time="0.0" classname="testNGPkg.TestNGClass"/>
  <testcase name="test4" time="0.001" classname="testNGPkg.TestNGClass"/>
</testsuite> <!-- Test -->
